SC5APP048-mgmt
SC5APP049-mgmt
SC5APP052-mgmt
SC5APP053-mgmt
SC5APP054-mgmt
SC5APP055-mgmt
SC5APP056-mgmt
SC5APP057-mgmt
SC5APP058-mgmt
SC5APP059-mgmt
SC5APP060-mgmt
SC5APP1011-mgmt
SC5APP1020-mgmt
SC5APP1022-mgmt
SC5APP1024-mgmt
SC5APP1025-mgmt
SC5APP1026-mgmt
SC5APP1074-mgmt
SC5APP1075-mgmt
SC5APP1084-mgmt
SC5APP1085-mgmt
SC5APP1086-mgmt
SC5APP1090-mgmt
SC5APP1091-mgmt
SC5APP1092-mgmt
SC5APP1093-mgmt
SC5APP1094-mgmt
SC5APP1109-mgmt
SC5APP1110-mgmt
SC5APP1111-mgmt
SC5APP1127-mgmt
SC5APP1128-mgmt
SC5APP1129-mgmt
SC5APP1130-mgmt
SC5APP1131-mgmt
SC5APP1140-mgmt
SC5APP1156-mgmt
SC5APP1157-mgmt
SC5APP1158-mgmt
SC5APP1166-mgmt
SC5APP1167-mgmt
SC5APP1168-mgmt
SC5APP1169-mgmt
SC5APP1173-mgmt
SC5APP1174-mgmt
SC5APP1178-mgmt
SC5APP1188-mgmt
SC5APP1195-mgmt
SC5APP1196-mgmt
SC5APP1197-mgmt
SC5APP1207-mgmt
SC5APP1208-mgmt
SC5APP1209-mgmt
SC5APP1225-mgmt
SC5APP1229-mgmt
SC5APP1245-mgmt
SC5APP1246-mgmt
SC5APP1247-mgmt
SC5APP1248-mgmt
SC5APP1249-mgmt
SC5APP128-mgmt
SC5APP129-mgmt
SC5APP1325-mgmt
SC5APP1326-mgmt
SC5APP1327-mgmt
SC5APP1328-mgmt
SC5APP1329-mgmt
SC5APP1336-mgmt
SC5APP1337-mgmt
SC5APP134-mgmt
SC5APP1344-mgmt
SC5APP1345-mgmt
SC5APP135-mgmt
SC5APP136-mgmt
SC5APP1371-mgmt
SC5APP1372-mgmt
SC5APP138-mgmt
SC5APP1383-mgmt
SC5APP1384-mgmt
SC5APP1385-mgmt
SC5APP1386-mgmt
SC5APP1389-mgmt
SC5APP139-mgmt
SC5APP1390-mgmt
SC5APP1391-mgmt
SC5APP1392-mgmt
SC5APP140-mgmt
SC5APP1404-mgmt
SC5APP1405-mgmt
SC5APP1406-mgmt
SC5APP1421-mgmt
SC5APP1422-mgmt
SC5APP1423-mgmt
SC5APP1424-mgmt
SC5APP1425-mgmt
SC5APP1426-mgmt
SC5APP1427-mgmt
SC5APP1429-mgmt
SC5APP1430-mgmt
SC5APP1431-mgmt
SC5APP1432-mgmt
SC5APP1447-mgmt
SC5APP1448-mgmt
SC5APP151-mgmt
SC5APP1521-mgmt
SC5APP1522-mgmt
SC5APP156-mgmt
SC5APP157-mgmt
SC5APP1576-mgmt
SC5APP1577-mgmt
SC5APP1578-mgmt
SC5APP158-mgmt
SC5APP159-mgmt
SC5APP160-mgmt
SC5APP164-mgmt
SC5APP165-mgmt
SC5APP1651-mgmt
SC5APP1652-mgmt
SC5APP166-mgmt
SC5APP167-mgmt
SC5APP177-mgmt
SC5APP178-mgmt
SC5APP182-mgmt
SC5APP183-mgmt
SC5APP1903-mgmt
SC5APP200-mgmt
SC5APP210-mgmt
SC5APP215-mgmt
SC5APP226-mgmt
SC5APP227-mgmt
SC5APP230-mgmt
SC5APP231-mgmt
SC5APP244-mgmt
SC5APP245-mgmt
SC5APP246-mgmt
SC5APP247-mgmt
SC5APP262-mgmt
SC5APP263-mgmt
SC5APP264-mgmt
SC5APP279-mgmt
SC5APP280-mgmt
SC5APP281-mgmt
SC5APP290-mgmt
SC5APP291-mgmt
SC5APP295-mgmt
SC5APP310-mgmt
SC5APP311-mgmt
SC5APP312-mgmt
SC5APP313-mgmt
SC5APP320-mgmt
SC5APP321-mgmt
SC5APP322-mgmt
SC5APP323-mgmt
SC5APP324-mgmt
SC5APP325-mgmt
SC5APP326-mgmt
SC5APP327-mgmt
SC5APP328-mgmt
SC5APP332-mgmt
SC5APP343-mgmt
SC5APP357-mgmt
SC5APP359-mgmt
SC5APP360-mgmt
SC5APP361-mgmt
SC5APP370-mgmt
SC5APP391-mgmt
SC5APP392-mgmt
SC5APP393-mgmt
SC5APP394-mgmt
SC5APP398-mgmt
SC5APP399-mgmt
SC5APP400-mgmt
SC5APP401-mgmt
SC5APP402-mgmt
SC5APP403-mgmt
SC5APP404-mgmt
SC5APP410-mgmt
SC5APP411-mgmt
SC5APP412-mgmt
SC5APP413-mgmt
SC5APP416-mgmt
SC5APP417-mgmt
SC5APP432-mgmt
SC5APP433-mgmt
SC5APP434-mgmt
SC5APP442-mgmt
SC5APP443-mgmt
SC5APP444-mgmt
SC5APP453-mgmt
SC5APP454-mgmt
SC5APP464-mgmt
SC5APP465-mgmt
SC5APP466-mgmt
SC5APP467-mgmt
SC5APP468-mgmt
SC5APP479-mgmt
SC5APP480-mgmt
SC5APP484-mgmt
SC5APP485-mgmt
SC5APP486-mgmt
SC5APP489-mgmt
SC5APP490-mgmt
SC5APP497-mgmt
SC5APP503-mgmt
SC5APP504-mgmt
SC5APP505-mgmt
SC5APP517-mgmt
SC5APP533-mgmt
SC5APP534-mgmt
SC5APP538-mgmt
SC5APP539-mgmt
SC5APP540-mgmt
SC5APP543-mgmt
SC5APP554-mgmt
SC5APP555-mgmt
SC5APP572-mgmt
SC5APP579-mgmt
SC5APP580-mgmt
SC5APP587-mgmt
SC5APP588-mgmt
SC5APP589-mgmt
SC5APP594-mgmt
SC5APP595-mgmt
SC5APP596-mgmt
SC5APP601-mgmt
SC5APP606-mgmt
SC5APP607-mgmt
SC5APP611-mgmt
SC5APP616-mgmt
SC5APP630-mgmt
SC5APP631-mgmt
SC5APP633-mgmt
SC5APP634-mgmt
SC5APP635-mgmt
SC5APP674-mgmt
SC5APP675-mgmt
SC5APP680-mgmt
SC5APP693-mgmt
SC5APP702-mgmt
SC5APP709-mgmt
SC5APP710-mgmt
SC5APP711-mgmt
SC5APP714-mgmt
SC5APP717-mgmt
SC5APP729-mgmt
SC5APP730-mgmt
SC5APP733-mgmt
SC5APP734-mgmt
SC5APP736-mgmt
SC5APP740-mgmt
SC5APP741-mgmt
SC5APP746-mgmt
SC5APP747-mgmt
SC5APP750-mgmt
SC5APP751-mgmt
SC5APP753-mgmt
SC5APP761-mgmt
SC5APP764-mgmt
SC5APP766-mgmt
SC5APP767-mgmt
SC5APP798-mgmt
SC5APP799-mgmt
SC5APP800-mgmt
SC5APP804-mgmt
SC5APP807-mgmt
SC5APP808-mgmt
SC5APP809-mgmt
SC5APP810-mgmt
SC5APP812-mgmt
SC5APP813-mgmt
SC5APP815-mgmt
SC5APP816-mgmt
SC5APP817-mgmt
SC5APP818-mgmt
SC5APP819-mgmt
SC5APP820-mgmt
SC5APP821-mgmt
SC5APP822-mgmt
SC5APP826-mgmt
SC5APP827-mgmt
SC5APP828-mgmt
SC5APP829-mgmt
SC5APP830-mgmt
SC5APP831-mgmt
SC5APP832-mgmt
SC5APP834-mgmt
SC5APP835-mgmt
SC5APP837-mgmt
SC5APP838-mgmt
SC5APP839-mgmt
SC5APP840-mgmt
SC5APP841-mgmt
SC5APP842-mgmt
SC5APP843-mgmt
SC5APP871-mgmt
SC5APP878-mgmt
SC5APP890-mgmt
SC5APP891-mgmt
SC5APP892-mgmt
SC5APP896-mgmt
SC5APP897-mgmt
SC5APP898-mgmt
SC5APP899-mgmt
SC5APP900-mgmt
SC5APP901-mgmt
SC5APP902-mgmt
SC5APP903-mgmt
SC5APP904-mgmt
SC5APP905-mgmt
SC5APP906-mgmt
SC5APP907-mgmt
SC5APP932-mgmt
SC5APP933-mgmt
SC5APP936-mgmt
SC5APP937-mgmt
SC5APP957-mgmt
SC5APP958-mgmt
SC5APP959-mgmt
SC5APP960-mgmt
SC5APP961-mgmt
SC5APP962-mgmt
SC5APP963-mgmt
SC5APP968-mgmt
SC5APP976-mgmt
SC5APP980-mgmt
SC5APP988-mgmt
SC5APP989-mgmt
SC5APP990-mgmt
SC5APP991-mgmt
SC5APP992-mgmt
SC5APP993-mgmt
SC5APP994-mgmt
SC5IPWATCHD01-mgmt
SC5SWAT001-mgmt
SC5SWAT002-mgmt
SC5TOOLS001-mgmt
sc5app478-mgmt
